<?xml version="1.0" encoding="UTF-8"?>
<testng-results ignored="0" total="1" passed="1" failed="0" skipped="0">
  <reporter-output>
  </reporter-output>
  <suite started-at="2023-08-22T12:18:47 IST" name="Default suite" finished-at="2023-08-22T12:20:02 IST" duration-ms="74589">
    <groups>
    </groups>
    <test started-at="2023-08-22T12:18:47 IST" name="Default test" finished-at="2023-08-22T12:20:02 IST" duration-ms="74589">
      <class name="project.Pro">
        <test-method is-config="true" signature="setup()[pri:0, instance:project.Pro@131ef10]" started-at="2023-08-22T12:18:47 IST" name="setup" finished-at="2023-08-22T12:19:22 IST" duration-ms="34795" status="PASS">
          <reporter-output>
          </reporter-output>
        </test-method> <!-- setup -->
        <test-method signature="testLoginAndAddToCart()[pri:1, instance:project.Pro@131ef10]" started-at="2023-08-22T12:19:22 IST" name="testLoginAndAddToCart" finished-at="2023-08-22T12:19:58 IST" duration-ms="36239" status="PASS">
          <reporter-output>
          </reporter-output>
        </test-method> <!-- testLoginAndAddToCart -->
        <test-method is-config="true" signature="teardown()[pri:0, instance:project.Pro@131ef10]" started-at="2023-08-22T12:19:58 IST" name="teardown" finished-at="2023-08-22T12:20:02 IST" duration-ms="3318" status="PASS">
          <reporter-output>
          </reporter-output>
        </test-method> <!-- teardown -->
      </class> <!-- project.Pro -->
    </test> <!-- Default test -->
  </suite> <!-- Default suite -->
</testng-results>
